<?xml version="1.0" encoding="UTF-8"?>
<!-- Generated by org.testng.reporters.JUnitReportReporter -->
<testsuite skipped="0" hostname="LTPI0006" name="com.qa.freecrm.tests.TC_LoginTest" tests="1" failures="0" timestamp="09 Nov 2020 10:16:08 GMT" time="4.370" errors="0">
  <testcase name="verifyLogin" time="4.370" classname="com.qa.freecrm.tests.TC_LoginTest"/>
</testsuite> <!-- com.qa.freecrm.tests.TC_LoginTest -->
