<?xml version="1.0" encoding="UTF-8"?>
<!-- Generated by org.testng.reporters.JUnitReportReporter -->
<testsuite skipped="0" hostname="LTPI0006" name="com.qa.freecrm.tests.TC_VerifyLoginTest" tests="3" failures="0" timestamp="10 Aug 2020 10:07:47 GMT" time="9.468" errors="0">
  <testcase name="verifyLoginFieldsDisplayed" time="8.134" classname="com.qa.freecrm.tests.TC_VerifyLoginTest"/>
  <testcase name="verifyLoginPageTitle" time="0.016" classname="com.qa.freecrm.tests.TC_VerifyLoginTest"/>
  <testcase name="verifyLogin" time="1.318" classname="com.qa.freecrm.tests.TC_VerifyLoginTest"/>
</testsuite> <!-- com.qa.freecrm.tests.TC_VerifyLoginTest -->
