<?xml version="1.0" encoding="UTF-8"?>
<!-- Generated by org.testng.reporters.JUnitReportReporter -->
<testsuite skipped="0" hostname="LTPI0006" name="com.qa.freecrm.tests.TC_CreateNewContactTest" tests="2" failures="0" timestamp="12 Aug 2020 10:53:24 GMT" time="45.601" errors="0">
  <testcase name="verifyCreateContactTest" time="14.563" classname="com.qa.freecrm.tests.TC_CreateNewContactTest"/>
  <testcase name="verifyContactisDisplayedInTableList" time="31.038" classname="com.qa.freecrm.tests.TC_CreateNewContactTest"/>
</testsuite> <!-- com.qa.freecrm.tests.TC_CreateNewContactTest -->
