<?xml version="1.0" encoding="UTF-8"?>
<!-- Generated by org.testng.reporters.JUnitReportReporter -->
<testsuite skipped="0" hostname="LTPI0006" name="com.qa.freecrm.tests.TC_02_create_contact" tests="1" failures="0" timestamp="18 Nov 2020 14:08:26 GMT" time="10.070" errors="0">
  <testcase name="verifyCreateNewContact" time="10.070" classname="com.qa.freecrm.tests.TC_02_create_contact"/>
</testsuite> <!-- com.qa.freecrm.tests.TC_02_create_contact -->
