<?xml version="1.0" encoding="UTF-8"?>
<!-- Generated by org.testng.reporters.JUnitReportReporter -->
<testsuite skipped="0" hostname="LTPI0006" name="com.qa.freecrm.tests.TC_VerifyLoginTest" tests="3" failures="0" timestamp="26 Aug 2020 08:20:52 GMT" time="9.438" errors="0">
  <testcase name="verifyLoginFieldsDisplayed" time="7.909" classname="com.qa.freecrm.tests.TC_VerifyLoginTest"/>
  <testcase name="verifyLoginPageTitle" time="0.081" classname="com.qa.freecrm.tests.TC_VerifyLoginTest"/>
  <testcase name="verifyLogin" time="1.448" classname="com.qa.freecrm.tests.TC_VerifyLoginTest"/>
</testsuite> <!-- com.qa.freecrm.tests.TC_VerifyLoginTest -->
