<?xml version="1.0" encoding="UTF-8"?>
<!-- Generated by org.testng.reporters.JUnitReportReporter -->
<testsuite skipped="0" hostname="LTPI0006" name="com.qa.freecrm.tests.TC_LoginTest" tests="1" failures="0" timestamp="20 Oct 2020 16:09:06 GMT" time="0.933" errors="0">
  <testcase name="verifyLogin" time="0.933" classname="com.qa.freecrm.tests.TC_LoginTest"/>
</testsuite> <!-- com.qa.freecrm.tests.TC_LoginTest -->
