<?xml version="1.0" encoding="UTF-8"?>
<!-- Generated by org.testng.reporters.JUnitReportReporter -->
<testsuite skipped="0" hostname="LTPI0006" name="com.qa.freecrm.tests.TC_VerifyLoginTest" tests="3" failures="0" timestamp="25 Aug 2020 11:11:06 GMT" time="10.097" errors="0">
  <testcase name="verifyLoginFieldsDisplayed" time="8.891" classname="com.qa.freecrm.tests.TC_VerifyLoginTest"/>
  <testcase name="verifyLoginPageTitle" time="0.019" classname="com.qa.freecrm.tests.TC_VerifyLoginTest"/>
  <testcase name="verifyLogin" time="1.187" classname="com.qa.freecrm.tests.TC_VerifyLoginTest"/>
</testsuite> <!-- com.qa.freecrm.tests.TC_VerifyLoginTest -->
